{"/Users/davelindqvist/Desktop/node-7awfa8/BE/data/automobiles.js": {"path":"/Users/davelindqvist/Desktop/node-7awfa8/BE/data/automobiles.js","statementMap":{"0":{"start":{"line":1,"column":20},"end":{"line":150002,"column":1}},"1":{"start":{"line":150004,"column":0},"end":{"line":150004,"column":40}}},"fnMap":{},"branchMap":{},"s":{"0":2,"1":2},"f":{},"b":{},"_coverageSchema":"1a1c01bbd47fc00a2c39e90264f33305004495a9","hash":"5c5103613c209c4c45d46aada54b2c647eb79881"}
,"/Users/davelindqvist/Desktop/node-7awfa8/BE/data/users.js": {"path":"/Users/davelindqvist/Desktop/node-7awfa8/BE/data/users.js","statementMap":{"0":{"start":{"line":1,"column":14},"end":{"line":37,"column":1}},"1":{"start":{"line":39,"column":0},"end":{"line":39,"column":29}}},"fnMap":{},"branchMap":{},"s":{"0":2,"1":2},"f":{},"b":{},"_coverageSchema":"1a1c01bbd47fc00a2c39e90264f33305004495a9","hash":"2ff1374dfd0ce49dd46215224f12550feba838fc"}
,"/Users/davelindqvist/Desktop/node-7awfa8/BE/src/index.js": {"path":"/Users/davelindqvist/Desktop/node-7awfa8/BE/src/index.js","statementMap":{"0":{"start":{"line":1,"column":16},"end":{"line":1,"column":34}},"1":{"start":{"line":2,"column":13},"end":{"line":2,"column":28}},"2":{"start":{"line":3,"column":19},"end":{"line":3,"column":41}},"3":{"start":{"line":5,"column":29},"end":{"line":5,"column":69}},"4":{"start":{"line":6,"column":30},"end":{"line":6,"column":71}},"5":{"start":{"line":8,"column":12},"end":{"line":8,"column":21}},"6":{"start":{"line":9,"column":18},"end":{"line":9,"column":34}},"7":{"start":{"line":10,"column":0},"end":{"line":10,"column":24}},"8":{"start":{"line":11,"column":0},"end":{"line":11,"column":51}},"9":{"start":{"line":12,"column":19},"end":{"line":12,"column":23}},"10":{"start":{"line":17,"column":0},"end":{"line":17,"column":53}},"11":{"start":{"line":19,"column":0},"end":{"line":19,"column":27}},"12":{"start":{"line":20,"column":0},"end":{"line":20,"column":47}},"13":{"start":{"line":21,"column":0},"end":{"line":21,"column":49}},"14":{"start":{"line":23,"column":0},"end":{"line":23,"column":25}}},"fnMap":{},"branchMap":{},"s":{"0":2,"1":2,"2":2,"3":2,"4":2,"5":2,"6":2,"7":2,"8":2,"9":2,"10":2,"11":2,"12":2,"13":2,"14":2},"f":{},"b":{},"_coverageSchema":"1a1c01bbd47fc00a2c39e90264f33305004495a9","hash":"1684b60b8de941eb173053ef16e9e58b8ed0961c"}
,"/Users/davelindqvist/Desktop/node-7awfa8/BE/src/controller/automobiles.js": {"path":"/Users/davelindqvist/Desktop/node-7awfa8/BE/src/controller/automobiles.js","statementMap":{"0":{"start":{"line":1,"column":24},"end":{"line":1,"column":57}},"1":{"start":{"line":2,"column":11},"end":{"line":2,"column":24}},"2":{"start":{"line":4,"column":37},"end":{"line":37,"column":1}},"3":{"start":{"line":5,"column":31},"end":{"line":7,"column":4}},"4":{"start":{"line":6,"column":4},"end":{"line":6,"column":68}},"5":{"start":{"line":13,"column":30},"end":{"line":16,"column":4}},"6":{"start":{"line":13,"column":71},"end":{"line":16,"column":3}},"7":{"start":{"line":25,"column":27},"end":{"line":34,"column":24}},"8":{"start":{"line":27,"column":6},"end":{"line":32,"column":7}},"9":{"start":{"line":28,"column":8},"end":{"line":31,"column":10}},"10":{"start":{"line":29,"column":10},"end":{"line":30,"column":69}},"11":{"start":{"line":30,"column":12},"end":{"line":30,"column":69}},"12":{"start":{"line":34,"column":20},"end":{"line":34,"column":23}},"13":{"start":{"line":36,"column":2},"end":{"line":36,"column":26}},"14":{"start":{"line":39,"column":22},"end":{"line":58,"column":1}},"15":{"start":{"line":46,"column":2},"end":{"line":50,"column":3}},"16":{"start":{"line":47,"column":4},"end":{"line":49,"column":6}},"17":{"start":{"line":48,"column":22},"end":{"line":48,"column":62}},"18":{"start":{"line":51,"column":2},"end":{"line":56,"column":3}},"19":{"start":{"line":52,"column":4},"end":{"line":52,"column":66}},"20":{"start":{"line":53,"column":4},"end":{"line":55,"column":6}},"21":{"start":{"line":54,"column":22},"end":{"line":54,"column":63}},"22":{"start":{"line":57,"column":2},"end":{"line":57,"column":23}},"23":{"start":{"line":60,"column":22},"end":{"line":74,"column":1}},"24":{"start":{"line":61,"column":31},"end":{"line":63,"column":4}},"25":{"start":{"line":62,"column":4},"end":{"line":62,"column":68}},"26":{"start":{"line":65,"column":26},"end":{"line":67,"column":4}},"27":{"start":{"line":66,"column":4},"end":{"line":66,"column":32}},"28":{"start":{"line":69,"column":2},"end":{"line":71,"column":3}},"29":{"start":{"line":70,"column":4},"end":{"line":70,"column":22}},"30":{"start":{"line":73,"column":2},"end":{"line":73,"column":25}},"31":{"start":{"line":76,"column":25},"end":{"line":115,"column":1}},"32":{"start":{"line":82,"column":21},"end":{"line":82,"column":52}},"33":{"start":{"line":83,"column":27},"end":{"line":83,"column":59}},"34":{"start":{"line":84,"column":34},"end":{"line":84,"column":66}},"35":{"start":{"line":85,"column":25},"end":{"line":85,"column":57}},"36":{"start":{"line":87,"column":2},"end":{"line":93,"column":5}},"37":{"start":{"line":88,"column":16},"end":{"line":88,"column":23}},"38":{"start":{"line":89,"column":18},"end":{"line":89,"column":25}},"39":{"start":{"line":90,"column":4},"end":{"line":92,"column":5}},"40":{"start":{"line":91,"column":6},"end":{"line":91,"column":39}},"41":{"start":{"line":95,"column":34},"end":{"line":95,"column":70}},"42":{"start":{"line":96,"column":32},"end":{"line":98,"column":3}},"43":{"start":{"line":97,"column":20},"end":{"line":97,"column":40}},"44":{"start":{"line":100,"column":34},"end":{"line":103,"column":3}},"45":{"start":{"line":106,"column":24},"end":{"line":106,"column":72}},"46":{"start":{"line":108,"column":4},"end":{"line":111,"column":50}},"47":{"start":{"line":112,"column":2},"end":{"line":112,"column":55}},"48":{"start":{"line":114,"column":2},"end":{"line":114,"column":33}},"49":{"start":{"line":117,"column":0},"end":{"line":121,"column":2}}},"fnMap":{"0":{"name":"(anonymous_0)","decl":{"start":{"line":4,"column":37},"end":{"line":4,"column":38}},"loc":{"start":{"line":4,"column":68},"end":{"line":37,"column":1}},"line":4},"1":{"name":"(anonymous_1)","decl":{"start":{"line":5,"column":50},"end":{"line":5,"column":51}},"loc":{"start":{"line":5,"column":66},"end":{"line":7,"column":3}},"line":5},"2":{"name":"(anonymous_2)","decl":{"start":{"line":13,"column":55},"end":{"line":13,"column":56}},"loc":{"start":{"line":13,"column":71},"end":{"line":16,"column":3}},"line":13},"3":{"name":"(anonymous_3)","decl":{"start":{"line":26,"column":12},"end":{"line":26,"column":13}},"loc":{"start":{"line":27,"column":6},"end":{"line":32,"column":7}},"line":27},"4":{"name":"(anonymous_4)","decl":{"start":{"line":27,"column":24},"end":{"line":27,"column":25}},"loc":{"start":{"line":28,"column":8},"end":{"line":31,"column":10}},"line":28},"5":{"name":"(anonymous_5)","decl":{"start":{"line":28,"column":21},"end":{"line":28,"column":22}},"loc":{"start":{"line":28,"column":33},"end":{"line":31,"column":9}},"line":28},"6":{"name":"(anonymous_6)","decl":{"start":{"line":34,"column":9},"end":{"line":34,"column":10}},"loc":{"start":{"line":34,"column":20},"end":{"line":34,"column":23}},"line":34},"7":{"name":"(anonymous_7)","decl":{"start":{"line":39,"column":22},"end":{"line":39,"column":23}},"loc":{"start":{"line":44,"column":5},"end":{"line":58,"column":1}},"line":44},"8":{"name":"(anonymous_8)","decl":{"start":{"line":48,"column":6},"end":{"line":48,"column":7}},"loc":{"start":{"line":48,"column":22},"end":{"line":48,"column":62}},"line":48},"9":{"name":"(anonymous_9)","decl":{"start":{"line":54,"column":6},"end":{"line":54,"column":7}},"loc":{"start":{"line":54,"column":22},"end":{"line":54,"column":63}},"line":54},"10":{"name":"(anonymous_10)","decl":{"start":{"line":60,"column":22},"end":{"line":60,"column":23}},"loc":{"start":{"line":60,"column":44},"end":{"line":74,"column":1}},"line":60},"11":{"name":"(anonymous_11)","decl":{"start":{"line":61,"column":50},"end":{"line":61,"column":51}},"loc":{"start":{"line":61,"column":66},"end":{"line":63,"column":3}},"line":61},"12":{"name":"(anonymous_12)","decl":{"start":{"line":65,"column":54},"end":{"line":65,"column":55}},"loc":{"start":{"line":65,"column":70},"end":{"line":67,"column":3}},"line":65},"13":{"name":"(anonymous_13)","decl":{"start":{"line":76,"column":25},"end":{"line":76,"column":26}},"loc":{"start":{"line":81,"column":5},"end":{"line":115,"column":1}},"line":81},"14":{"name":"(anonymous_14)","decl":{"start":{"line":87,"column":23},"end":{"line":87,"column":24}},"loc":{"start":{"line":87,"column":33},"end":{"line":93,"column":3}},"line":87},"15":{"name":"(anonymous_15)","decl":{"start":{"line":97,"column":4},"end":{"line":97,"column":5}},"loc":{"start":{"line":97,"column":20},"end":{"line":97,"column":40}},"line":97}},"branchMap":{"0":{"loc":{"start":{"line":29,"column":10},"end":{"line":30,"column":69}},"type":"if","locations":[{"start":{"line":29,"column":10},"end":{"line":30,"column":69}},{"start":{},"end":{}}],"line":29},"1":{"loc":{"start":{"line":46,"column":2},"end":{"line":50,"column":3}},"type":"if","locations":[{"start":{"line":46,"column":2},"end":{"line":50,"column":3}},{"start":{},"end":{}}],"line":46},"2":{"loc":{"start":{"line":51,"column":2},"end":{"line":56,"column":3}},"type":"if","locations":[{"start":{"line":51,"column":2},"end":{"line":56,"column":3}},{"start":{},"end":{}}],"line":51},"3":{"loc":{"start":{"line":52,"column":20},"end":{"line":52,"column":65}},"type":"cond-expr","locations":[{"start":{"line":52,"column":36},"end":{"line":52,"column":49}},{"start":{"line":52,"column":52},"end":{"line":52,"column":65}}],"line":52},"4":{"loc":{"start":{"line":69,"column":2},"end":{"line":71,"column":3}},"type":"if","locations":[{"start":{"line":69,"column":2},"end":{"line":71,"column":3}},{"start":{},"end":{}}],"line":69},"5":{"loc":{"start":{"line":90,"column":4},"end":{"line":92,"column":5}},"type":"if","locations":[{"start":{"line":90,"column":4},"end":{"line":92,"column":5}},{"start":{},"end":{}}],"line":90}},"s":{"0":2,"1":2,"2":2,"3":5,"4":50000,"5":5,"6":12440,"7":5,"8":12440,"9":11440,"10":145344,"11":111240,"12":2544,"13":5,"14":2,"15":3,"16":2,"17":36,"18":3,"19":2,"20":2,"21":35,"22":3,"23":2,"24":3,"25":30000,"26":3,"27":7576,"28":3,"29":2,"30":1,"31":2,"32":3,"33":1,"34":1,"35":1,"36":1,"37":5,"38":5,"39":5,"40":5,"41":1,"42":1,"43":10000,"44":1,"45":1,"46":1,"47":1,"48":1,"49":2},"f":{"0":5,"1":50000,"2":12440,"3":12440,"4":11440,"5":145344,"6":2544,"7":3,"8":36,"9":35,"10":3,"11":30000,"12":7576,"13":3,"14":5,"15":10000},"b":{"0":[111240,34104],"1":[2,1],"2":[2,1],"3":[1,1],"4":[2,1],"5":[5,0]},"_coverageSchema":"1a1c01bbd47fc00a2c39e90264f33305004495a9","hash":"f010e9463fbb1323cf9056f3f13cd6a2e7dca5ae"}
,"/Users/davelindqvist/Desktop/node-7awfa8/BE/src/middleware/auth.js": {"path":"/Users/davelindqvist/Desktop/node-7awfa8/BE/src/middleware/auth.js","statementMap":{"0":{"start":{"line":1,"column":18},"end":{"line":1,"column":45}},"1":{"start":{"line":3,"column":23},"end":{"line":18,"column":1}},"2":{"start":{"line":4,"column":2},"end":{"line":17,"column":4}},"3":{"start":{"line":5,"column":4},"end":{"line":5,"column":46}},"4":{"start":{"line":6,"column":29},"end":{"line":6,"column":46}},"5":{"start":{"line":7,"column":29},"end":{"line":7,"column":46}},"6":{"start":{"line":8,"column":17},"end":{"line":10,"column":6}},"7":{"start":{"line":9,"column":6},"end":{"line":9,"column":48}},"8":{"start":{"line":11,"column":4},"end":{"line":12,"column":64}},"9":{"start":{"line":12,"column":6},"end":{"line":12,"column":64}},"10":{"start":{"line":13,"column":4},"end":{"line":14,"column":64}},"11":{"start":{"line":14,"column":6},"end":{"line":14,"column":64}},"12":{"start":{"line":15,"column":4},"end":{"line":15,"column":30}},"13":{"start":{"line":16,"column":4},"end":{"line":16,"column":18}},"14":{"start":{"line":20,"column":0},"end":{"line":22,"column":2}}},"fnMap":{"0":{"name":"(anonymous_0)","decl":{"start":{"line":3,"column":23},"end":{"line":3,"column":24}},"loc":{"start":{"line":3,"column":29},"end":{"line":18,"column":1}},"line":3},"1":{"name":"(anonymous_1)","decl":{"start":{"line":4,"column":9},"end":{"line":4,"column":10}},"loc":{"start":{"line":4,"column":29},"end":{"line":17,"column":3}},"line":4},"2":{"name":"(anonymous_2)","decl":{"start":{"line":8,"column":30},"end":{"line":8,"column":31}},"loc":{"start":{"line":8,"column":40},"end":{"line":10,"column":5}},"line":8}},"branchMap":{"0":{"loc":{"start":{"line":11,"column":4},"end":{"line":12,"column":64}},"type":"if","locations":[{"start":{"line":11,"column":4},"end":{"line":12,"column":64}},{"start":{},"end":{}}],"line":11},"1":{"loc":{"start":{"line":11,"column":8},"end":{"line":11,"column":42}},"type":"binary-expr","locations":[{"start":{"line":11,"column":8},"end":{"line":11,"column":23}},{"start":{"line":11,"column":27},"end":{"line":11,"column":42}}],"line":11},"2":{"loc":{"start":{"line":13,"column":4},"end":{"line":14,"column":64}},"type":"if","locations":[{"start":{"line":13,"column":4},"end":{"line":14,"column":64}},{"start":{},"end":{}}],"line":13}},"s":{"0":2,"1":2,"2":6,"3":12,"4":12,"5":12,"6":12,"7":60,"8":12,"9":2,"10":10,"11":1,"12":9,"13":9,"14":2},"f":{"0":6,"1":12,"2":60},"b":{"0":[2,10],"1":[12,10],"2":[1,9]},"_coverageSchema":"1a1c01bbd47fc00a2c39e90264f33305004495a9","hash":"692dd0dd3f0503111afb04e8aaeb8d89696d7158"}
,"/Users/davelindqvist/Desktop/node-7awfa8/BE/src/routes/automobiles/router.js": {"path":"/Users/davelindqvist/Desktop/node-7awfa8/BE/src/routes/automobiles/router.js","statementMap":{"0":{"start":{"line":1,"column":16},"end":{"line":1,"column":34}},"1":{"start":{"line":2,"column":26},"end":{"line":2,"column":42}},"2":{"start":{"line":3,"column":24},"end":{"line":3,"column":60}},"3":{"start":{"line":4,"column":27},"end":{"line":4,"column":59}},"4":{"start":{"line":9,"column":4},"end":{"line":9,"column":43}},"5":{"start":{"line":11,"column":0},"end":{"line":29,"column":3}},"6":{"start":{"line":12,"column":23},"end":{"line":12,"column":51}},"7":{"start":{"line":13,"column":61},"end":{"line":13,"column":74}},"8":{"start":{"line":14,"column":25},"end":{"line":14,"column":62}},"9":{"start":{"line":17,"column":2},"end":{"line":17,"column":71}},"10":{"start":{"line":19,"column":2},"end":{"line":26,"column":3}},"11":{"start":{"line":20,"column":4},"end":{"line":25,"column":6}},"12":{"start":{"line":28,"column":2},"end":{"line":28,"column":32}},"13":{"start":{"line":31,"column":0},"end":{"line":51,"column":2}},"14":{"start":{"line":35,"column":4},"end":{"line":49,"column":5}},"15":{"start":{"line":36,"column":21},"end":{"line":36,"column":42}},"16":{"start":{"line":37,"column":27},"end":{"line":37,"column":55}},"17":{"start":{"line":38,"column":28},"end":{"line":38,"column":65}},"18":{"start":{"line":40,"column":22},"end":{"line":45,"column":7}},"19":{"start":{"line":46,"column":6},"end":{"line":46,"column":36}},"20":{"start":{"line":48,"column":6},"end":{"line":48,"column":44}},"21":{"start":{"line":53,"column":0},"end":{"line":55,"column":2}}},"fnMap":{"0":{"name":"(anonymous_0)","decl":{"start":{"line":11,"column":51},"end":{"line":11,"column":52}},"loc":{"start":{"line":11,"column":71},"end":{"line":29,"column":1}},"line":11},"1":{"name":"(anonymous_1)","decl":{"start":{"line":34,"column":2},"end":{"line":34,"column":3}},"loc":{"start":{"line":34,"column":28},"end":{"line":50,"column":3}},"line":34}},"branchMap":{"0":{"loc":{"start":{"line":19,"column":2},"end":{"line":26,"column":3}},"type":"if","locations":[{"start":{"line":19,"column":2},"end":{"line":26,"column":3}},{"start":{},"end":{}}],"line":19},"1":{"loc":{"start":{"line":19,"column":6},"end":{"line":19,"column":56}},"type":"binary-expr","locations":[{"start":{"line":19,"column":6},"end":{"line":19,"column":22}},{"start":{"line":19,"column":26},"end":{"line":19,"column":43}},{"start":{"line":19,"column":47},"end":{"line":19,"column":56}}],"line":19}},"s":{"0":2,"1":2,"2":2,"3":2,"4":2,"5":2,"6":5,"7":5,"8":5,"9":5,"10":5,"11":3,"12":5,"13":2,"14":3,"15":3,"16":3,"17":3,"18":3,"19":1,"20":2,"21":2},"f":{"0":5,"1":3},"b":{"0":[3,2],"1":[5,3,2]},"_coverageSchema":"1a1c01bbd47fc00a2c39e90264f33305004495a9","hash":"47ad1226fddd7a8e95d853cec5e8d4c1caf08d88"}
,"/Users/davelindqvist/Desktop/node-7awfa8/BE/src/routes/middleware/router.js": {"path":"/Users/davelindqvist/Desktop/node-7awfa8/BE/src/routes/middleware/router.js","statementMap":{"0":{"start":{"line":1,"column":16},"end":{"line":1,"column":34}},"1":{"start":{"line":2,"column":25},"end":{"line":2,"column":41}},"2":{"start":{"line":3,"column":42},"end":{"line":3,"column":74}},"3":{"start":{"line":5,"column":0},"end":{"line":7,"column":3}},"4":{"start":{"line":6,"column":2},"end":{"line":6,"column":53}},"5":{"start":{"line":9,"column":0},"end":{"line":11,"column":2}}},"fnMap":{"0":{"name":"(anonymous_0)","decl":{"start":{"line":5,"column":58},"end":{"line":5,"column":59}},"loc":{"start":{"line":5,"column":78},"end":{"line":7,"column":1}},"line":5}},"branchMap":{},"s":{"0":2,"1":2,"2":2,"3":2,"4":1,"5":2},"f":{"0":1},"b":{},"_coverageSchema":"1a1c01bbd47fc00a2c39e90264f33305004495a9","hash":"139ec5ade37fd2deed42a4f47ffcecd9fb31fcba"}
}
