TN:
SF:data/automobiles.js
FNF:0
FNH:0
DA:1,2
DA:150004,2
LF:2
LH:2
BRF:0
BRH:0
end_of_record
TN:
SF:data/users.js
FNF:0
FNH:0
DA:1,2
DA:39,2
LF:2
LH:2
BRF:0
BRH:0
end_of_record
TN:
SF:src/index.js
FNF:0
FNH:0
DA:1,2
DA:2,2
DA:3,2
DA:5,2
DA:6,2
DA:8,2
DA:9,2
DA:10,2
DA:11,2
DA:12,2
DA:17,2
DA:19,2
DA:20,2
DA:21,2
DA:23,2
LF:15
LH:15
BRF:0
BRH:0
end_of_record
TN:
SF:src/controller/automobiles.js
FN:4,(anonymous_0)
FN:5,(anonymous_1)
FN:13,(anonymous_2)
FN:26,(anonymous_3)
FN:27,(anonymous_4)
FN:28,(anonymous_5)
FN:34,(anonymous_6)
FN:39,(anonymous_7)
FN:48,(anonymous_8)
FN:54,(anonymous_9)
FN:60,(anonymous_10)
FN:61,(anonymous_11)
FN:65,(anonymous_12)
FN:76,(anonymous_13)
FN:87,(anonymous_14)
FN:97,(anonymous_15)
FNF:16
FNH:16
FNDA:5,(anonymous_0)
FNDA:50000,(anonymous_1)
FNDA:12440,(anonymous_2)
FNDA:12440,(anonymous_3)
FNDA:11440,(anonymous_4)
FNDA:145344,(anonymous_5)
FNDA:2544,(anonymous_6)
FNDA:3,(anonymous_7)
FNDA:36,(anonymous_8)
FNDA:35,(anonymous_9)
FNDA:3,(anonymous_10)
FNDA:30000,(anonymous_11)
FNDA:7576,(anonymous_12)
FNDA:3,(anonymous_13)
FNDA:5,(anonymous_14)
FNDA:10000,(anonymous_15)
DA:1,2
DA:2,2
DA:4,2
DA:5,5
DA:6,50000
DA:13,12440
DA:25,5
DA:27,12440
DA:28,11440
DA:29,145344
DA:30,111240
DA:34,2544
DA:36,5
DA:39,2
DA:46,3
DA:47,2
DA:48,36
DA:51,3
DA:52,2
DA:53,2
DA:54,35
DA:57,3
DA:60,2
DA:61,3
DA:62,30000
DA:65,3
DA:66,7576
DA:69,3
DA:70,2
DA:73,1
DA:76,2
DA:82,3
DA:83,1
DA:84,1
DA:85,1
DA:87,1
DA:88,5
DA:89,5
DA:90,5
DA:91,5
DA:95,1
DA:96,1
DA:97,10000
DA:100,1
DA:106,1
DA:108,1
DA:112,1
DA:114,1
DA:117,2
LF:49
LH:49
BRDA:29,0,0,111240
BRDA:29,0,1,34104
BRDA:46,1,0,2
BRDA:46,1,1,1
BRDA:51,2,0,2
BRDA:51,2,1,1
BRDA:52,3,0,1
BRDA:52,3,1,1
BRDA:69,4,0,2
BRDA:69,4,1,1
BRDA:90,5,0,5
BRDA:90,5,1,0
BRF:12
BRH:11
end_of_record
TN:
SF:src/middleware/auth.js
FN:3,(anonymous_0)
FN:4,(anonymous_1)
FN:8,(anonymous_2)
FNF:3
FNH:3
FNDA:6,(anonymous_0)
FNDA:12,(anonymous_1)
FNDA:60,(anonymous_2)
DA:1,2
DA:3,2
DA:4,6
DA:5,12
DA:6,12
DA:7,12
DA:8,12
DA:9,60
DA:11,12
DA:12,2
DA:13,10
DA:14,1
DA:15,9
DA:16,9
DA:20,2
LF:15
LH:15
BRDA:11,0,0,2
BRDA:11,0,1,10
BRDA:11,1,0,12
BRDA:11,1,1,10
BRDA:13,2,0,1
BRDA:13,2,1,9
BRF:6
BRH:6
end_of_record
TN:
SF:src/routes/automobiles/router.js
FN:11,(anonymous_0)
FN:34,(anonymous_1)
FNF:2
FNH:2
FNDA:5,(anonymous_0)
FNDA:3,(anonymous_1)
DA:1,2
DA:2,2
DA:3,2
DA:4,2
DA:9,2
DA:11,2
DA:12,5
DA:13,5
DA:14,5
DA:17,5
DA:19,5
DA:20,3
DA:28,5
DA:31,2
DA:35,3
DA:36,3
DA:37,3
DA:38,3
DA:40,3
DA:46,1
DA:48,2
DA:53,2
LF:22
LH:22
BRDA:19,0,0,3
BRDA:19,0,1,2
BRDA:19,1,0,5
BRDA:19,1,1,3
BRDA:19,1,2,2
BRF:5
BRH:5
end_of_record
TN:
SF:src/routes/middleware/router.js
FN:5,(anonymous_0)
FNF:1
FNH:1
FNDA:1,(anonymous_0)
DA:1,2
DA:2,2
DA:3,2
DA:5,2
DA:6,1
DA:9,2
LF:6
LH:6
BRF:0
BRH:0
end_of_record
